{"total": {"lines":{"total":8167,"covered":7308,"skipped":0,"pct":89.48},"statements":{"total":8167,"covered":7308,"skipped":0,"pct":89.48},"functions":{"total":747,"covered":653,"skipped":0,"pct":87.41},"branches":{"total":2700,"covered":2243,"skipped":0,"pct":83.07},"branchesTrue":{"total":0,"covered":0,"skipped":0,"pct":100}}
,"/home/keian/src/kechimochi/src/api.ts": {"lines":{"total":95,"covered":87,"skipped":0,"pct":91.57},"functions":{"total":56,"covered":50,"skipped":0,"pct":89.28},"statements":{"total":95,"covered":87,"skipped":0,"pct":91.57},"branches":{"total":53,"covered":52,"skipped":0,"pct":98.11}}
,"/home/keian/src/kechimochi/src/app_shell.ts": {"lines":{"total":11,"covered":11,"skipped":0,"pct":100},"functions":{"total":1,"covered":1,"skipped":0,"pct":100},"statements":{"total":11,"covered":11,"skipped":0,"pct":100},"branches":{"total":5,"covered":5,"skipped":0,"pct":100}}
,"/home/keian/src/kechimochi/src/app_version.ts": {"lines":{"total":52,"covered":48,"skipped":0,"pct":92.3},"functions":{"total":9,"covered":9,"skipped":0,"pct":100},"statements":{"total":52,"covered":48,"skipped":0,"pct":92.3},"branches":{"total":19,"covered":16,"skipped":0,"pct":84.21}}
,"/home/keian/src/kechimochi/src/constants.ts": {"lines":{"total":72,"covered":72,"skipped":0,"pct":100},"functions":{"total":0,"covered":0,"skipped":0,"pct":100},"statements":{"total":72,"covered":72,"skipped":0,"pct":100},"branches":{"total":0,"covered":0,"skipped":0,"pct":100}}
,"/home/keian/src/kechimochi/src/jiten_api.ts": {"lines":{"total":128,"covered":125,"skipped":0,"pct":97.65},"functions":{"total":10,"covered":10,"skipped":0,"pct":100},"statements":{"total":128,"covered":125,"skipped":0,"pct":97.65},"branches":{"total":61,"covered":39,"skipped":0,"pct":63.93}}
,"/home/keian/src/kechimochi/src/main.ts": {"lines":{"total":361,"covered":288,"skipped":0,"pct":79.77},"functions":{"total":23,"covered":20,"skipped":0,"pct":86.95},"statements":{"total":361,"covered":288,"skipped":0,"pct":79.77},"branches":{"total":84,"covered":63,"skipped":0,"pct":75}}
,"/home/keian/src/kechimochi/src/platform.ts": {"lines":{"total":18,"covered":17,"skipped":0,"pct":94.44},"functions":{"total":2,"covered":2,"skipped":0,"pct":100},"statements":{"total":18,"covered":17,"skipped":0,"pct":94.44},"branches":{"total":7,"covered":6,"skipped":0,"pct":85.71}}
,"/home/keian/src/kechimochi/src/sync_enablement.ts": {"lines":{"total":140,"covered":113,"skipped":0,"pct":80.71},"functions":{"total":8,"covered":6,"skipped":0,"pct":75},"statements":{"total":140,"covered":113,"skipped":0,"pct":80.71},"branches":{"total":30,"covered":26,"skipped":0,"pct":86.66}}
,"/home/keian/src/kechimochi/src/theme_sync.ts": {"lines":{"total":10,"covered":10,"skipped":0,"pct":100},"functions":{"total":0,"covered":0,"skipped":0,"pct":100},"statements":{"total":10,"covered":10,"skipped":0,"pct":100},"branches":{"total":3,"covered":3,"skipped":0,"pct":100}}
,"/home/keian/src/kechimochi/src/types.ts": {"lines":{"total":0,"covered":0,"skipped":0,"pct":0},"functions":{"total":1,"covered":1,"skipped":0,"pct":0},"statements":{"total":0,"covered":0,"skipped":0,"pct":0},"branches":{"total":1,"covered":1,"skipped":0,"pct":0}}
,"/home/keian/src/kechimochi/src/vite-env.d.ts": {"lines":{"total":0,"covered":0,"skipped":0,"pct":0},"functions":{"total":1,"covered":1,"skipped":0,"pct":0},"statements":{"total":0,"covered":0,"skipped":0,"pct":0},"branches":{"total":1,"covered":1,"skipped":0,"pct":0}}
,"/home/keian/src/kechimochi/src/components/dashboard.ts": {"lines":{"total":347,"covered":297,"skipped":0,"pct":85.59},"functions":{"total":17,"covered":16,"skipped":0,"pct":94.11},"statements":{"total":347,"covered":297,"skipped":0,"pct":85.59},"branches":{"total":92,"covered":78,"skipped":0,"pct":84.78}}
,"/home/keian/src/kechimochi/src/components/media_view.ts": {"lines":{"total":330,"covered":330,"skipped":0,"pct":100},"functions":{"total":32,"covered":32,"skipped":0,"pct":100},"statements":{"total":330,"covered":330,"skipped":0,"pct":100},"branches":{"total":121,"covered":111,"skipped":0,"pct":91.73}}
,"/home/keian/src/kechimochi/src/components/profile.ts": {"lines":{"total":1251,"covered":960,"skipped":0,"pct":76.73},"functions":{"total":73,"covered":63,"skipped":0,"pct":86.3},"statements":{"total":1251,"covered":960,"skipped":0,"pct":76.73},"branches":{"total":340,"covered":256,"skipped":0,"pct":75.29}}
,"/home/keian/src/kechimochi/src/components/timeline.ts": {"lines":{"total":734,"covered":718,"skipped":0,"pct":97.82},"functions":{"total":38,"covered":38,"skipped":0,"pct":100},"statements":{"total":734,"covered":718,"skipped":0,"pct":97.82},"branches":{"total":228,"covered":213,"skipped":0,"pct":93.42}}
,"/home/keian/src/kechimochi/src/components/dashboard/ActivityCharts.ts": {"lines":{"total":283,"covered":234,"skipped":0,"pct":82.68},"functions":{"total":24,"covered":21,"skipped":0,"pct":87.5},"statements":{"total":283,"covered":234,"skipped":0,"pct":82.68},"branches":{"total":71,"covered":53,"skipped":0,"pct":74.64}}
,"/home/keian/src/kechimochi/src/components/dashboard/HeatmapView.ts": {"lines":{"total":120,"covered":117,"skipped":0,"pct":97.5},"functions":{"total":10,"covered":10,"skipped":0,"pct":100},"statements":{"total":120,"covered":117,"skipped":0,"pct":97.5},"branches":{"total":37,"covered":34,"skipped":0,"pct":91.89}}
,"/home/keian/src/kechimochi/src/components/dashboard/QuickLog.ts": {"lines":{"total":100,"covered":81,"skipped":0,"pct":81},"functions":{"total":7,"covered":7,"skipped":0,"pct":100},"statements":{"total":100,"covered":81,"skipped":0,"pct":81},"branches":{"total":39,"covered":23,"skipped":0,"pct":58.97}}
,"/home/keian/src/kechimochi/src/components/dashboard/StatsCard.ts": {"lines":{"total":104,"covered":103,"skipped":0,"pct":99.03},"functions":{"total":5,"covered":5,"skipped":0,"pct":100},"statements":{"total":104,"covered":103,"skipped":0,"pct":99.03},"branches":{"total":32,"covered":31,"skipped":0,"pct":96.87}}
,"/home/keian/src/kechimochi/src/components/media/MediaDetail.ts": {"lines":{"total":612,"covered":514,"skipped":0,"pct":83.98},"functions":{"total":36,"covered":29,"skipped":0,"pct":80.55},"statements":{"total":612,"covered":514,"skipped":0,"pct":83.98},"branches":{"total":211,"covered":152,"skipped":0,"pct":72.03}}
,"/home/keian/src/kechimochi/src/components/media/MediaGrid.ts": {"lines":{"total":47,"covered":43,"skipped":0,"pct":91.48},"functions":{"total":6,"covered":6,"skipped":0,"pct":100},"statements":{"total":47,"covered":43,"skipped":0,"pct":91.48},"branches":{"total":8,"covered":8,"skipped":0,"pct":100}}
,"/home/keian/src/kechimochi/src/components/media/MediaItem.ts": {"lines":{"total":62,"covered":62,"skipped":0,"pct":100},"functions":{"total":5,"covered":5,"skipped":0,"pct":100},"statements":{"total":62,"covered":62,"skipped":0,"pct":100},"branches":{"total":31,"covered":25,"skipped":0,"pct":80.64}}
,"/home/keian/src/kechimochi/src/components/media/MediaLibraryBrowser.ts": {"lines":{"total":301,"covered":299,"skipped":0,"pct":99.33},"functions":{"total":20,"covered":20,"skipped":0,"pct":100},"statements":{"total":301,"covered":299,"skipped":0,"pct":99.33},"branches":{"total":88,"covered":79,"skipped":0,"pct":89.77}}
,"/home/keian/src/kechimochi/src/components/media/MediaList.ts": {"lines":{"total":53,"covered":51,"skipped":0,"pct":96.22},"functions":{"total":6,"covered":6,"skipped":0,"pct":100},"statements":{"total":53,"covered":51,"skipped":0,"pct":96.22},"branches":{"total":14,"covered":13,"skipped":0,"pct":92.85}}
,"/home/keian/src/kechimochi/src/components/media/MediaListItem.ts": {"lines":{"total":89,"covered":87,"skipped":0,"pct":97.75},"functions":{"total":7,"covered":7,"skipped":0,"pct":100},"statements":{"total":89,"covered":87,"skipped":0,"pct":97.75},"branches":{"total":41,"covered":30,"skipped":0,"pct":73.17}}
,"/home/keian/src/kechimochi/src/components/media/MediaLog.ts": {"lines":{"total":40,"covered":40,"skipped":0,"pct":100},"functions":{"total":2,"covered":2,"skipped":0,"pct":100},"statements":{"total":40,"covered":40,"skipped":0,"pct":100},"branches":{"total":15,"covered":15,"skipped":0,"pct":100}}
,"/home/keian/src/kechimochi/src/components/media/cover_loader.ts": {"lines":{"total":27,"covered":27,"skipped":0,"pct":100},"functions":{"total":3,"covered":3,"skipped":0,"pct":100},"statements":{"total":27,"covered":27,"skipped":0,"pct":100},"branches":{"total":18,"covered":18,"skipped":0,"pct":100}}
,"/home/keian/src/kechimochi/src/components/media/library_types.ts": {"lines":{"total":1,"covered":1,"skipped":0,"pct":100},"functions":{"total":0,"covered":0,"skipped":0,"pct":100},"statements":{"total":1,"covered":1,"skipped":0,"pct":100},"branches":{"total":0,"covered":0,"skipped":0,"pct":100}}
,"/home/keian/src/kechimochi/src/components/media/render_incremental_collection.ts": {"lines":{"total":59,"covered":59,"skipped":0,"pct":100},"functions":{"total":3,"covered":3,"skipped":0,"pct":100},"statements":{"total":59,"covered":59,"skipped":0,"pct":100},"branches":{"total":18,"covered":16,"skipped":0,"pct":88.88}}
,"/home/keian/src/kechimochi/src/core/component.ts": {"lines":{"total":27,"covered":27,"skipped":0,"pct":100},"functions":{"total":6,"covered":6,"skipped":0,"pct":100},"statements":{"total":27,"covered":27,"skipped":0,"pct":100},"branches":{"total":10,"covered":10,"skipped":0,"pct":100}}
,"/home/keian/src/kechimochi/src/core/html.ts": {"lines":{"total":56,"covered":54,"skipped":0,"pct":96.42},"functions":{"total":5,"covered":5,"skipped":0,"pct":100},"statements":{"total":56,"covered":54,"skipped":0,"pct":96.42},"branches":{"total":33,"covered":31,"skipped":0,"pct":93.93}}
,"/home/keian/src/kechimochi/src/core/logger.ts": {"lines":{"total":16,"covered":10,"skipped":0,"pct":62.5},"functions":{"total":4,"covered":2,"skipped":0,"pct":50},"statements":{"total":16,"covered":10,"skipped":0,"pct":62.5},"branches":{"total":2,"covered":2,"skipped":0,"pct":100}}
,"/home/keian/src/kechimochi/src/importers/anilist.ts": {"lines":{"total":59,"covered":59,"skipped":0,"pct":100},"functions":{"total":6,"covered":6,"skipped":0,"pct":100},"statements":{"total":59,"covered":59,"skipped":0,"pct":100},"branches":{"total":37,"covered":30,"skipped":0,"pct":81.08}}
,"/home/keian/src/kechimochi/src/importers/backloggd.ts": {"lines":{"total":75,"covered":75,"skipped":0,"pct":100},"functions":{"total":3,"covered":3,"skipped":0,"pct":100},"statements":{"total":75,"covered":75,"skipped":0,"pct":100},"branches":{"total":28,"covered":22,"skipped":0,"pct":78.57}}
,"/home/keian/src/kechimochi/src/importers/base.ts": {"lines":{"total":42,"covered":42,"skipped":0,"pct":100},"functions":{"total":4,"covered":4,"skipped":0,"pct":100},"statements":{"total":42,"covered":42,"skipped":0,"pct":100},"branches":{"total":15,"covered":14,"skipped":0,"pct":93.33}}
,"/home/keian/src/kechimochi/src/importers/bookmeter.ts": {"lines":{"total":54,"covered":54,"skipped":0,"pct":100},"functions":{"total":7,"covered":7,"skipped":0,"pct":100},"statements":{"total":54,"covered":54,"skipped":0,"pct":100},"branches":{"total":20,"covered":17,"skipped":0,"pct":85}}
,"/home/keian/src/kechimochi/src/importers/bookwalker.ts": {"lines":{"total":103,"covered":98,"skipped":0,"pct":95.14},"functions":{"total":10,"covered":10,"skipped":0,"pct":100},"statements":{"total":103,"covered":98,"skipped":0,"pct":95.14},"branches":{"total":42,"covered":29,"skipped":0,"pct":69.04}}
,"/home/keian/src/kechimochi/src/importers/cmoa.ts": {"lines":{"total":107,"covered":107,"skipped":0,"pct":100},"functions":{"total":15,"covered":15,"skipped":0,"pct":100},"statements":{"total":107,"covered":107,"skipped":0,"pct":100},"branches":{"total":36,"covered":32,"skipped":0,"pct":88.88}}
,"/home/keian/src/kechimochi/src/importers/imdb.ts": {"lines":{"total":131,"covered":126,"skipped":0,"pct":96.18},"functions":{"total":9,"covered":9,"skipped":0,"pct":100},"statements":{"total":131,"covered":126,"skipped":0,"pct":96.18},"branches":{"total":66,"covered":53,"skipped":0,"pct":80.3}}
,"/home/keian/src/kechimochi/src/importers/index.ts": {"lines":{"total":35,"covered":33,"skipped":0,"pct":94.28},"functions":{"total":5,"covered":5,"skipped":0,"pct":100},"statements":{"total":35,"covered":33,"skipped":0,"pct":94.28},"branches":{"total":12,"covered":11,"skipped":0,"pct":91.66}}
,"/home/keian/src/kechimochi/src/importers/jiten.ts": {"lines":{"total":71,"covered":69,"skipped":0,"pct":97.18},"functions":{"total":9,"covered":9,"skipped":0,"pct":100},"statements":{"total":71,"covered":69,"skipped":0,"pct":97.18},"branches":{"total":45,"covered":39,"skipped":0,"pct":86.66}}
,"/home/keian/src/kechimochi/src/importers/shonenjumpplus.ts": {"lines":{"total":56,"covered":55,"skipped":0,"pct":98.21},"functions":{"total":6,"covered":6,"skipped":0,"pct":100},"statements":{"total":56,"covered":55,"skipped":0,"pct":98.21},"branches":{"total":24,"covered":21,"skipped":0,"pct":87.5}}
,"/home/keian/src/kechimochi/src/importers/vndb.ts": {"lines":{"total":69,"covered":69,"skipped":0,"pct":100},"functions":{"total":6,"covered":6,"skipped":0,"pct":100},"statements":{"total":69,"covered":69,"skipped":0,"pct":100},"branches":{"total":21,"covered":18,"skipped":0,"pct":85.71}}
,"/home/keian/src/kechimochi/src/modals/activity.ts": {"lines":{"total":130,"covered":124,"skipped":0,"pct":95.38},"functions":{"total":7,"covered":7,"skipped":0,"pct":100},"statements":{"total":130,"covered":124,"skipped":0,"pct":95.38},"branches":{"total":68,"covered":61,"skipped":0,"pct":89.7}}
,"/home/keian/src/kechimochi/src/modals/base.ts": {"lines":{"total":105,"covered":102,"skipped":0,"pct":97.14},"functions":{"total":10,"covered":10,"skipped":0,"pct":100},"statements":{"total":105,"covered":102,"skipped":0,"pct":97.14},"branches":{"total":32,"covered":26,"skipped":0,"pct":81.25}}
,"/home/keian/src/kechimochi/src/modals/calendar.ts": {"lines":{"total":40,"covered":40,"skipped":0,"pct":100},"functions":{"total":3,"covered":3,"skipped":0,"pct":100},"statements":{"total":40,"covered":40,"skipped":0,"pct":100},"branches":{"total":15,"covered":13,"skipped":0,"pct":86.66}}
,"/home/keian/src/kechimochi/src/modals/index.ts": {"lines":{"total":8,"covered":0,"skipped":0,"pct":0},"functions":{"total":1,"covered":0,"skipped":0,"pct":0},"statements":{"total":8,"covered":0,"skipped":0,"pct":0},"branches":{"total":1,"covered":0,"skipped":0,"pct":0}}
,"/home/keian/src/kechimochi/src/modals/media.ts": {"lines":{"total":230,"covered":217,"skipped":0,"pct":94.34},"functions":{"total":16,"covered":15,"skipped":0,"pct":93.75},"statements":{"total":230,"covered":217,"skipped":0,"pct":94.34},"branches":{"total":73,"covered":58,"skipped":0,"pct":79.45}}
,"/home/keian/src/kechimochi/src/modals/milestone.ts": {"lines":{"total":71,"covered":53,"skipped":0,"pct":74.64},"functions":{"total":4,"covered":3,"skipped":0,"pct":75},"statements":{"total":71,"covered":53,"skipped":0,"pct":74.64},"branches":{"total":13,"covered":8,"skipped":0,"pct":61.53}}
,"/home/keian/src/kechimochi/src/modals/profile.ts": {"lines":{"total":54,"covered":50,"skipped":0,"pct":92.59},"functions":{"total":4,"covered":4,"skipped":0,"pct":100},"statements":{"total":54,"covered":50,"skipped":0,"pct":92.59},"branches":{"total":17,"covered":14,"skipped":0,"pct":82.35}}
,"/home/keian/src/kechimochi/src/modals/sync.ts": {"lines":{"total":157,"covered":155,"skipped":0,"pct":98.72},"functions":{"total":6,"covered":6,"skipped":0,"pct":100},"statements":{"total":157,"covered":155,"skipped":0,"pct":98.72},"branches":{"total":65,"covered":55,"skipped":0,"pct":84.61}}
,"/home/keian/src/kechimochi/src/modals/update.ts": {"lines":{"total":36,"covered":36,"skipped":0,"pct":100},"functions":{"total":3,"covered":3,"skipped":0,"pct":100},"statements":{"total":36,"covered":36,"skipped":0,"pct":100},"branches":{"total":8,"covered":8,"skipped":0,"pct":100}}
,"/home/keian/src/kechimochi/src/services/desktop.ts": {"lines":{"total":198,"covered":179,"skipped":0,"pct":90.4},"functions":{"total":68,"covered":63,"skipped":0,"pct":92.64},"statements":{"total":198,"covered":179,"skipped":0,"pct":90.4},"branches":{"total":95,"covered":91,"skipped":0,"pct":95.78}}
,"/home/keian/src/kechimochi/src/services/external_mocks.ts": {"lines":{"total":10,"covered":8,"skipped":0,"pct":80},"functions":{"total":1,"covered":1,"skipped":0,"pct":100},"statements":{"total":10,"covered":8,"skipped":0,"pct":80},"branches":{"total":5,"covered":3,"skipped":0,"pct":60}}
,"/home/keian/src/kechimochi/src/services/index.ts": {"lines":{"total":71,"covered":63,"skipped":0,"pct":88.73},"functions":{"total":8,"covered":8,"skipped":0,"pct":100},"statements":{"total":71,"covered":63,"skipped":0,"pct":88.73},"branches":{"total":33,"covered":23,"skipped":0,"pct":69.69}}
,"/home/keian/src/kechimochi/src/services/types.ts": {"lines":{"total":0,"covered":0,"skipped":0,"pct":0},"functions":{"total":1,"covered":1,"skipped":0,"pct":0},"statements":{"total":0,"covered":0,"skipped":0,"pct":0},"branches":{"total":1,"covered":1,"skipped":0,"pct":0}}
,"/home/keian/src/kechimochi/src/services/web.ts": {"lines":{"total":242,"covered":164,"skipped":0,"pct":67.76},"functions":{"total":71,"covered":20,"skipped":0,"pct":28.16},"statements":{"total":242,"covered":164,"skipped":0,"pct":67.76},"branches":{"total":44,"covered":30,"skipped":0,"pct":68.18}}
,"/home/keian/src/kechimochi/src/updates/index.ts": {"lines":{"total":2,"covered":2,"skipped":0,"pct":100},"functions":{"total":0,"covered":0,"skipped":0,"pct":100},"statements":{"total":2,"covered":2,"skipped":0,"pct":100},"branches":{"total":0,"covered":0,"skipped":0,"pct":100}}
,"/home/keian/src/kechimochi/src/updates/manager.ts": {"lines":{"total":232,"covered":212,"skipped":0,"pct":91.37},"functions":{"total":23,"covered":22,"skipped":0,"pct":95.65},"statements":{"total":232,"covered":212,"skipped":0,"pct":91.37},"branches":{"total":81,"covered":69,"skipped":0,"pct":85.18}}
,"/home/keian/src/kechimochi/src/updates/release_notes.ts": {"lines":{"total":79,"covered":78,"skipped":0,"pct":98.73},"functions":{"total":4,"covered":4,"skipped":0,"pct":100},"statements":{"total":79,"covered":78,"skipped":0,"pct":98.73},"branches":{"total":29,"covered":28,"skipped":0,"pct":96.55}}
,"/home/keian/src/kechimochi/src/utils/clipboard.ts": {"lines":{"total":18,"covered":18,"skipped":0,"pct":100},"functions":{"total":1,"covered":1,"skipped":0,"pct":100},"statements":{"total":18,"covered":18,"skipped":0,"pct":100},"branches":{"total":4,"covered":4,"skipped":0,"pct":100}}
,"/home/keian/src/kechimochi/src/utils/dialogs.ts": {"lines":{"total":17,"covered":17,"skipped":0,"pct":100},"functions":{"total":2,"covered":2,"skipped":0,"pct":100},"statements":{"total":17,"covered":17,"skipped":0,"pct":100},"branches":{"total":4,"covered":4,"skipped":0,"pct":100}}
,"/home/keian/src/kechimochi/src/utils/extra_data.ts": {"lines":{"total":72,"covered":71,"skipped":0,"pct":98.61},"functions":{"total":8,"covered":8,"skipped":0,"pct":100},"statements":{"total":72,"covered":71,"skipped":0,"pct":98.61},"branches":{"total":26,"covered":24,"skipped":0,"pct":92.3}}
,"/home/keian/src/kechimochi/src/utils/profile_picture.ts": {"lines":{"total":18,"covered":18,"skipped":0,"pct":100},"functions":{"total":2,"covered":2,"skipped":0,"pct":100},"statements":{"total":18,"covered":18,"skipped":0,"pct":100},"branches":{"total":12,"covered":12,"skipped":0,"pct":100}}
,"/home/keian/src/kechimochi/src/utils/time.ts": {"lines":{"total":29,"covered":29,"skipped":0,"pct":100},"functions":{"total":4,"covered":4,"skipped":0,"pct":100},"statements":{"total":29,"covered":29,"skipped":0,"pct":100},"branches":{"total":15,"covered":15,"skipped":0,"pct":100}}
}
